Determining if the pthread_create exist failed with the following output:
Change Dir: /home/rlam27/UCMEng_Collaboratory03/CSE180/build/CMakeFiles/CMakeTmp

Run Build Command:"/usr/bin/make" "cmTC_03b3b/fast"
/usr/bin/make -f CMakeFiles/cmTC_03b3b.dir/build.make CMakeFiles/cmTC_03b3b.dir/build
make[1]: Entering directory '/home/rlam27/UCMEng_Collaboratory03/CSE180/build/CMakeFiles/CMakeTmp'
Building C object CMakeFiles/cmTC_03b3b.dir/CheckSymbolExists.c.o
/usr/bin/cc     -o CMakeFiles/cmTC_03b3b.dir/CheckSymbolExists.c.o   -c /home/rlam27/UCMEng_Collaboratory03/CSE180/build/CMakeFiles/CMakeTmp/CheckSymbolExists.c
Linking C executable cmTC_03b3b
/usr/bin/cmake -E cmake_link_script CMakeFiles/cmTC_03b3b.dir/link.txt --verbose=1
/usr/bin/cc       CMakeFiles/cmTC_03b3b.dir/CheckSymbolExists.c.o  -o cmTC_03b3b -rdynamic 
CMakeFiles/cmTC_03b3b.dir/CheckSymbolExists.c.o: In function `main':
CheckSymbolExists.c:(.text+0x16): undefined reference to `pthread_create'
collect2: error: ld returned 1 exit status
CMakeFiles/cmTC_03b3b.dir/build.make:97: recipe for target 'cmTC_03b3b' failed
make[1]: *** [cmTC_03b3b] Error 1
make[1]: Leaving directory '/home/rlam27/UCMEng_Collaboratory03/CSE180/build/CMakeFiles/CMakeTmp'
Makefile:126: recipe for target 'cmTC_03b3b/fast' failed
make: *** [cmTC_03b3b/fast] Error 2

File /home/rlam27/UCMEng_Collaboratory03/CSE180/build/CMakeFiles/CMakeTmp/CheckSymbolExists.c:
/* */
#include <pthread.h>

int main(int argc, char** argv)
{
  (void)argv;
#ifndef pthread_create
  return ((int*)(&pthread_create))[argc];
#else
  (void)argc;
  return 0;
#endif
}

Determining if the function pthread_create exists in the pthreads failed with the following output:
Change Dir: /home/rlam27/UCMEng_Collaboratory03/CSE180/build/CMakeFiles/CMakeTmp

Run Build Command:"/usr/bin/make" "cmTC_1fac9/fast"
/usr/bin/make -f CMakeFiles/cmTC_1fac9.dir/build.make CMakeFiles/cmTC_1fac9.dir/build
make[1]: Entering directory '/home/rlam27/UCMEng_Collaboratory03/CSE180/build/CMakeFiles/CMakeTmp'
Building C object CMakeFiles/cmTC_1fac9.dir/CheckFunctionExists.c.o
/usr/bin/cc    -DCHECK_FUNCTION_EXISTS=pthread_create   -o CMakeFiles/cmTC_1fac9.dir/CheckFunctionExists.c.o   -c /usr/share/cmake-3.5/Modules/CheckFunctionExists.c
Linking C executable cmTC_1fac9
/usr/bin/cmake -E cmake_link_script CMakeFiles/cmTC_1fac9.dir/link.txt --verbose=1
/usr/bin/cc   -DCHECK_FUNCTION_EXISTS=pthread_create    CMakeFiles/cmTC_1fac9.dir/CheckFunctionExists.c.o  -o cmTC_1fac9 -rdynamic -lpthreads 
/usr/bin/ld: cannot find -lpthreads
collect2: error: ld returned 1 exit status
CMakeFiles/cmTC_1fac9.dir/build.make:97: recipe for target 'cmTC_1fac9' failed
make[1]: *** [cmTC_1fac9] Error 1
make[1]: Leaving directory '/home/rlam27/UCMEng_Collaboratory03/CSE180/build/CMakeFiles/CMakeTmp'
Makefile:126: recipe for target 'cmTC_1fac9/fast' failed
make: *** [cmTC_1fac9/fast] Error 2


